<?xml version="1.0" encoding="UTF-8"?>
<testng-results skipped="0" failed="0" ignored="0" total="1" passed="1">
  <reporter-output>
  </reporter-output>
  <suite name="Default suite" duration-ms="23893" started-at="2019-01-18T07:40:29Z" finished-at="2019-01-18T07:40:53Z">
    <groups>
    </groups>
    <test name="Default test" duration-ms="23893" started-at="2019-01-18T07:40:29Z" finished-at="2019-01-18T07:40:53Z">
      <class name="TestCases.wordpressTC">
        <test-method status="PASS" signature="login()[pri:0, instance:TestCases.wordpressTC@58651fd0]" name="login" duration-ms="23867" started-at="2019-01-18T07:40:29Z" finished-at="2019-01-18T07:40:53Z">
          <reporter-output>
          </reporter-output>
        </test-method> <!-- login -->
      </class> <!-- TestCases.wordpressTC -->
    </test> <!-- Default test -->
  </suite> <!-- Default suite -->
</testng-results>
