<?xml version="1.0" encoding="UTF-8"?>
<testng-results skipped="0" failed="0" ignored="0" total="1" passed="1">
  <reporter-output>
  </reporter-output>
  <suite name="Default suite" duration-ms="10289" started-at="2019-05-06T07:36:50Z" finished-at="2019-05-06T07:37:00Z">
    <groups>
    </groups>
    <test name="Default test" duration-ms="10289" started-at="2019-05-06T07:36:50Z" finished-at="2019-05-06T07:37:00Z">
      <class name="TestCases.loginapplication">
        <test-method status="PASS" signature="Login()[pri:0, instance:TestCases.loginapplication@58651fd0]" name="Login" duration-ms="10260" started-at="2019-05-06T07:36:50Z" finished-at="2019-05-06T07:37:00Z">
          <reporter-output>
          </reporter-output>
        </test-method> <!-- Login -->
      </class> <!-- TestCases.loginapplication -->
    </test> <!-- Default test -->
  </suite> <!-- Default suite -->
</testng-results>
