<?xml version="1.0" encoding="UTF-8"?>
<!-- Generated by org.testng.reporters.JUnitXMLReporter -->
<testsuite hostname="LIN35004766" ignored="3" name="integrTest" tests="1" failures="0" timestamp="17 Apr 2019 10:31:46 GMT" time="0.041" errors="0">
  <testcase name="groupss" time="0.011" classname="testng.Day1actionclass"/>
  <testcase name="autosuggestion" time="0.0" classname="testng.Day2autosuggestion">
    <ignored/>
  </testcase> <!-- autosuggestion -->
  <testcase name="action" time="0.0" classname="testng.Day1actionclass">
    <ignored/>
  </testcase> <!-- action -->
  <testcase name="print" time="0.0" classname="testng.Day1actionclass">
    <ignored/>
  </testcase> <!-- print -->
</testsuite> <!-- integrTest -->
