<?xml version="1.0" encoding="UTF-8"?>
<testng-results skipped="0" failed="0" ignored="0" total="1" passed="1">
  <reporter-output>
  </reporter-output>
  <suite name="Default suite" duration-ms="39551" started-at="2019-04-28T03:47:01Z" finished-at="2019-04-28T03:47:40Z">
    <groups>
    </groups>
    <test name="Default test" duration-ms="39551" started-at="2019-04-28T03:47:01Z" finished-at="2019-04-28T03:47:40Z">
      <class name="second.assignment.KatalonTest">
        <test-method status="PASS" signature="setUp()[pri:0, instance:second.assignment.KatalonTest@29774679]" name="setUp" is-config="true" duration-ms="5215" started-at="2019-04-28T03:47:01Z" finished-at="2019-04-28T03:47:06Z">
          <reporter-output>
          </reporter-output>
        </test-method> <!-- setUp -->
        <test-method status="PASS" signature="testMakemytrip()[pri:0, instance:second.assignment.KatalonTest@29774679]" name="testMakemytrip" duration-ms="33573" started-at="2019-04-28T03:47:06Z" finished-at="2019-04-28T03:47:40Z">
          <reporter-output>
          </reporter-output>
        </test-method> <!-- testMakemytrip -->
        <test-method status="PASS" signature="tearDown()[pri:0, instance:second.assignment.KatalonTest@29774679]" name="tearDown" is-config="true" duration-ms="742" started-at="2019-04-28T03:47:40Z" finished-at="2019-04-28T03:47:40Z">
          <reporter-output>
          </reporter-output>
        </test-method> <!-- tearDown -->
      </class> <!-- second.assignment.KatalonTest -->
    </test> <!-- Default test -->
  </suite> <!-- Default suite -->
</testng-results>
