<?xml version="1.0" encoding="UTF-8"?>
<!-- Generated by org.testng.reporters.JUnitXMLReporter -->
<testsuite hostname="LIN35004766" ignored="1" name="Car loan" tests="4" failures="0" timestamp="06 Feb 2019 03:22:13 GMT" time="0.031" errors="0">
  <testcase name="weblogin" time="0.001" classname="test.day3"/>
  <testcase name="weblogin" time="0.004" classname="test.day3"/>
  <testcase name="weblogin" time="0.005" classname="test.day3"/>
  <testcase name="APIlogin" time="0.002" classname="test.day3"/>
  <testcase name="Mobilelogin" time="0.0" classname="test.day3">
    <ignored/>
  </testcase> <!-- Mobilelogin -->
</testsuite> <!-- Car loan -->
