<?xml version="1.0" encoding="UTF-8"?>
<!-- Generated by org.testng.reporters.JUnitXMLReporter -->
<testsuite hostname="LIN35004766" ignored="1" name="Car loan" tests="4" failures="0" timestamp="21 Mar 2019 10:13:48 GMT" time="0.032" errors="0">
  <testcase name="weblogin" time="0.002" classname="test.day3"/>
  <testcase name="weblogin" time="0.001" classname="test.day3"/>
  <testcase name="weblogin" time="0.003" classname="test.day3"/>
  <testcase name="APIlogin" time="0.002" classname="test.day3"/>
  <testcase name="Mobilelogin" time="0.0" classname="test.day3">
    <ignored/>
  </testcase> <!-- Mobilelogin -->
</testsuite> <!-- Car loan -->
