<?xml version="1.0" encoding="UTF-8"?>
<!-- Generated by org.testng.reporters.JUnitXMLReporter -->
<testsuite hostname="LIN35004766" ignored="1" name="Smoketesting" tests="2" failures="0" timestamp="25 Dec 2018 08:41:41 GMT" time="0.044" errors="0">
  <testcase name="demo2" time="0.01" classname="test.day1"/>
  <testcase name="demo4" time="0.002" classname="test.day2"/>
  <testcase name="demo3" time="0.0" classname="test.day2">
    <ignored/>
  </testcase> <!-- demo3 -->
</testsuite> <!-- Smoketesting -->
